<?xml version="1.0" encoding="UTF-8"?>
<testng-results skipped="0" failed="0" ignored="0" total="1" passed="1">
  <reporter-output>
  </reporter-output>
  <suite name="Default suite" duration-ms="8555" started-at="2020-04-20T11:57:09Z" finished-at="2020-04-20T11:57:18Z">
    <groups>
    </groups>
    <test name="Default test" duration-ms="8555" started-at="2020-04-20T11:57:09Z" finished-at="2020-04-20T11:57:18Z">
      <class name="Selenium.BootStrapDropdown_2">
        <test-method status="PASS" signature="bootStrap()[pri:0, instance:Selenium.BootStrapDropdown_2@7f9a81e8]" name="bootStrap" duration-ms="8519" started-at="2020-04-20T11:57:09Z" finished-at="2020-04-20T11:57:18Z">
          <reporter-output>
          </reporter-output>
        </test-method> <!-- bootStrap -->
      </class> <!-- Selenium.BootStrapDropdown_2 -->
    </test> <!-- Default test -->
  </suite> <!-- Default suite -->
</testng-results>
